<?xml version="1.0" encoding="UTF-8"?>
<!-- Generated by org.testng.reporters.JUnitXMLReporter -->
<testsuite hostname="DESKTOP-LNCSKTQ" ignored="0" name="Default test" tests="1" failures="0" timestamp="2021-06-06T07:21:21 EDT" time="5.916" errors="0">
  <testcase name="@BeforeTest initialization" time="5.855" classname="dataProvider.DataDrivenTest">
    <failure type="org.openqa.selenium.SessionNotCreatedException" message="session not created: This version of ChromeDriver only supports Chrome version 80
Build info: version: &amp;apos;3.141.59&amp;apos;, revision: &amp;apos;e82be7d358&amp;apos;, time: &amp;apos;2018-11-14T08:17:03&amp;apos;
System info: host: &amp;apos;DESKTOP-LNCSKTQ&amp;apos;, ip: &amp;apos;192.168.111.1&amp;apos;, os.name: &amp;apos;Windows 10&amp;apos;, os.arch: &amp;apos;amd64&amp;apos;, os.version: &amp;apos;10.0&amp;apos;, java.version: &amp;apos;1.8.0_241&amp;apos;
Driver info: driver.version: ChromeDriver
remote stacktrace: Backtrace:
	Ordinal0 [0x01070C83+1707139]
	Ordinal0 [0x00FD68F1+1075441]
	Ordinal0 [0x00F4DFC9+516041]
	Ordinal0 [0x00EE0554+66900]
	Ordinal0 [0x00EDCCE2+52450]
	Ordinal0 [0x00EFBFD7+180183]
	Ordinal0 [0x00EFBDDD+179677]
	Ordinal0 [0x00EF9D4B+171339]
	Ordinal0 [0x00EE1D4A+73034]
	Ordinal0 [0x00EE2DC0+77248]
	Ordinal0 [0x00EE2D59+77145]
	Ordinal0 [0x00FEBB67+1162087]
	GetHandleVerifier [0x0110A966+508998]
	GetHandleVerifier [0x0110A6A4+508292]
	GetHandleVerifier [0x0111F7B7+594583]
	GetHandleVerifier [0x0110B1D6+511158]
	Ordinal0 [0x00FE402C+1130540]
	Ordinal0 [0x00FED4CB+1168587]
	Ordinal0 [0x00FED633+1168947]
	Ordinal0 [0x01005B35+1268533]
	BaseThreadInitThunk [0x75B60419+25]
	RtlGetAppContainerNamedObjectPath [0x776674ED+237]
	RtlGetAppContainerNamedObjectPath [0x776674BD+189]
">
      <![CDATA[org.openqa.selenium.SessionNotCreatedException: session not created: This version of ChromeDriver only supports Chrome version 80
Build info: version: '3.141.59', revision: 'e82be7d358', time: '2018-11-14T08:17:03'
System info: host: 'DESKTOP-LNCSKTQ', ip: '192.168.111.1', os.name: 'Windows 10', os.arch: 'amd64', os.version: '10.0', java.version: '1.8.0_241'
Driver info: driver.version: ChromeDriver
remote stacktrace: Backtrace:
Ordinal0 [0x01070C83+1707139]
Ordinal0 [0x00FD68F1+1075441]
Ordinal0 [0x00F4DFC9+516041]
Ordinal0 [0x00EE0554+66900]
Ordinal0 [0x00EDCCE2+52450]
Ordinal0 [0x00EFBFD7+180183]
Ordinal0 [0x00EFBDDD+179677]
Ordinal0 [0x00EF9D4B+171339]
Ordinal0 [0x00EE1D4A+73034]
Ordinal0 [0x00EE2DC0+77248]
Ordinal0 [0x00EE2D59+77145]
Ordinal0 [0x00FEBB67+1162087]
GetHandleVerifier [0x0110A966+508998]
GetHandleVerifier [0x0110A6A4+508292]
GetHandleVerifier [0x0111F7B7+594583]
GetHandleVerifier [0x0110B1D6+511158]
Ordinal0 [0x00FE402C+1130540]
Ordinal0 [0x00FED4CB+1168587]
Ordinal0 [0x00FED633+1168947]
Ordinal0 [0x01005B35+1268533]
BaseThreadInitThunk [0x75B60419+25]
RtlGetAppContainerNamedObjectPath [0x776674ED+237]
RtlGetAppContainerNamedObjectPath [0x776674BD+189]

at sun.reflect.NativeConstructorAccessorImpl.newInstance0(Native Method)
at sun.reflect.NativeConstructorAccessorImpl.newInstance(Unknown Source)
at sun.reflect.DelegatingConstructorAccessorImpl.newInstance(Unknown Source)
at java.lang.reflect.Constructor.newInstance(Unknown Source)
at org.openqa.selenium.remote.W3CHandshakeResponse.lambda$errorHandler$0(W3CHandshakeResponse.java:62)
at org.openqa.selenium.remote.HandshakeResponse.lambda$getResponseFunction$0(HandshakeResponse.java:30)
at org.openqa.selenium.remote.ProtocolHandshake.lambda$createSession$0(ProtocolHandshake.java:126)
at java.util.stream.ReferencePipeline$3$1.accept(Unknown Source)
at java.util.Spliterators$ArraySpliterator.tryAdvance(Unknown Source)
at java.util.stream.ReferencePipeline.forEachWithCancel(Unknown Source)
at java.util.stream.AbstractPipeline.copyIntoWithCancel(Unknown Source)
at java.util.stream.AbstractPipeline.copyInto(Unknown Source)
at java.util.stream.AbstractPipeline.wrapAndCopyInto(Unknown Source)
at java.util.stream.FindOps$FindOp.evaluateSequential(Unknown Source)
at java.util.stream.AbstractPipeline.evaluate(Unknown Source)
at java.util.stream.ReferencePipeline.findFirst(Unknown Source)
at org.openqa.selenium.remote.ProtocolHandshake.createSession(ProtocolHandshake.java:128)
at org.openqa.selenium.remote.ProtocolHandshake.createSession(ProtocolHandshake.java:74)
at org.openqa.selenium.remote.HttpCommandExecutor.execute(HttpCommandExecutor.java:136)
at org.openqa.selenium.remote.service.DriverCommandExecutor.execute(DriverCommandExecutor.java:83)
at org.openqa.selenium.remote.RemoteWebDriver.execute(RemoteWebDriver.java:552)
at org.openqa.selenium.remote.RemoteWebDriver.startSession(RemoteWebDriver.java:213)
at org.openqa.selenium.remote.RemoteWebDriver.<init>(RemoteWebDriver.java:131)
at org.openqa.selenium.chrome.ChromeDriver.<init>(ChromeDriver.java:181)
at org.openqa.selenium.chrome.ChromeDriver.<init>(ChromeDriver.java:168)
at org.openqa.selenium.chrome.ChromeDriver.<init>(ChromeDriver.java:123)
at dataProvider.DataDrivenTest.initialization(DataDrivenTest.java:30)
at sun.reflect.NativeMethodAccessorImpl.invoke0(Native Method)
at sun.reflect.NativeMethodAccessorImpl.invoke(Unknown Source)
at sun.reflect.DelegatingMethodAccessorImpl.invoke(Unknown Source)
at java.lang.reflect.Method.invoke(Unknown Source)
at org.testng.internal.MethodInvocationHelper.invokeMethod(MethodInvocationHelper.java:134)
at org.testng.internal.MethodInvocationHelper.invokeMethodConsideringTimeout(MethodInvocationHelper.java:63)
at org.testng.internal.ConfigInvoker.invokeConfigurationMethod(ConfigInvoker.java:348)
at org.testng.internal.ConfigInvoker.invokeConfigurations(ConfigInvoker.java:302)
at org.testng.TestRunner.invokeTestConfigurations(TestRunner.java:619)
at org.testng.TestRunner.beforeRun(TestRunner.java:609)
at org.testng.TestRunner.run(TestRunner.java:580)
at org.testng.SuiteRunner.runTest(SuiteRunner.java:384)
at org.testng.SuiteRunner.runSequentially(SuiteRunner.java:378)
at org.testng.SuiteRunner.privateRun(SuiteRunner.java:337)
at org.testng.SuiteRunner.run(SuiteRunner.java:286)
at org.testng.SuiteRunnerWorker.runSuite(SuiteRunnerWorker.java:53)
at org.testng.SuiteRunnerWorker.run(SuiteRunnerWorker.java:96)
at org.testng.TestNG.runSuitesSequentially(TestNG.java:1187)
at org.testng.TestNG.runSuitesLocally(TestNG.java:1109)
at org.testng.TestNG.runSuites(TestNG.java:1039)
at org.testng.TestNG.run(TestNG.java:1007)
at org.testng.remote.AbstractRemoteTestNG.run(AbstractRemoteTestNG.java:115)
at org.testng.remote.RemoteTestNG.initAndRun(RemoteTestNG.java:251)
at org.testng.remote.RemoteTestNG.main(RemoteTestNG.java:77)
]]>
    </failure>
  </testcase> <!-- @BeforeTest initialization -->
  <testcase name="fbLoginLogout" time="0.0" classname="dataProvider.DataDrivenTest">
    <skipped/>
  </testcase> <!-- fbLoginLogout -->
</testsuite> <!-- Default test -->
