<?xml version="1.0" encoding="UTF-8"?>
<!-- Generated by org.testng.reporters.JUnitXMLReporter -->
<testsuite hostname="DESKTOP-LNCSKTQ" ignored="0" name="Chrome_Test" tests="3" failures="0" timestamp="2021-02-19T16:38:38 EST" time="3.331" errors="0">
  <testcase name="@BeforeClass beforeClass" time="3.277" classname="account.gmail.com.Browser">
    <failure type="org.openqa.selenium.SessionNotCreatedException" message="session not created: This version of ChromeDriver only supports Chrome version 80
Build info: version: &amp;apos;3.141.59&amp;apos;, revision: &amp;apos;e82be7d358&amp;apos;, time: &amp;apos;2018-11-14T08:17:03&amp;apos;
System info: host: &amp;apos;DESKTOP-LNCSKTQ&amp;apos;, ip: &amp;apos;192.168.111.1&amp;apos;, os.name: &amp;apos;Windows 10&amp;apos;, os.arch: &amp;apos;amd64&amp;apos;, os.version: &amp;apos;10.0&amp;apos;, java.version: &amp;apos;1.8.0_241&amp;apos;
Driver info: driver.version: ChromeDriver
remote stacktrace: Backtrace:
	Ordinal0 [0x00480C83+1707139]
	Ordinal0 [0x003E68F1+1075441]
	Ordinal0 [0x0035DFC9+516041]
	Ordinal0 [0x002F0554+66900]
	Ordinal0 [0x002ECCE2+52450]
	Ordinal0 [0x0030BFD7+180183]
	Ordinal0 [0x0030BDDD+179677]
	Ordinal0 [0x00309D4B+171339]
	Ordinal0 [0x002F1D4A+73034]
	Ordinal0 [0x002F2DC0+77248]
	Ordinal0 [0x002F2D59+77145]
	Ordinal0 [0x003FBB67+1162087]
	GetHandleVerifier [0x0051A966+508998]
	GetHandleVerifier [0x0051A6A4+508292]
	GetHandleVerifier [0x0052F7B7+594583]
	GetHandleVerifier [0x0051B1D6+511158]
	Ordinal0 [0x003F402C+1130540]
	Ordinal0 [0x003FD4CB+1168587]
	Ordinal0 [0x003FD633+1168947]
	Ordinal0 [0x00415B35+1268533]
	BaseThreadInitThunk [0x75710419+25]
	RtlGetAppContainerNamedObjectPath [0x77A866DD+237]
	RtlGetAppContainerNamedObjectPath [0x77A866AD+189]
">
      <![CDATA[org.openqa.selenium.SessionNotCreatedException: session not created: This version of ChromeDriver only supports Chrome version 80
Build info: version: '3.141.59', revision: 'e82be7d358', time: '2018-11-14T08:17:03'
System info: host: 'DESKTOP-LNCSKTQ', ip: '192.168.111.1', os.name: 'Windows 10', os.arch: 'amd64', os.version: '10.0', java.version: '1.8.0_241'
Driver info: driver.version: ChromeDriver
remote stacktrace: Backtrace:
Ordinal0 [0x00480C83+1707139]
Ordinal0 [0x003E68F1+1075441]
Ordinal0 [0x0035DFC9+516041]
Ordinal0 [0x002F0554+66900]
Ordinal0 [0x002ECCE2+52450]
Ordinal0 [0x0030BFD7+180183]
Ordinal0 [0x0030BDDD+179677]
Ordinal0 [0x00309D4B+171339]
Ordinal0 [0x002F1D4A+73034]
Ordinal0 [0x002F2DC0+77248]
Ordinal0 [0x002F2D59+77145]
Ordinal0 [0x003FBB67+1162087]
GetHandleVerifier [0x0051A966+508998]
GetHandleVerifier [0x0051A6A4+508292]
GetHandleVerifier [0x0052F7B7+594583]
GetHandleVerifier [0x0051B1D6+511158]
Ordinal0 [0x003F402C+1130540]
Ordinal0 [0x003FD4CB+1168587]
Ordinal0 [0x003FD633+1168947]
Ordinal0 [0x00415B35+1268533]
BaseThreadInitThunk [0x75710419+25]
RtlGetAppContainerNamedObjectPath [0x77A866DD+237]
RtlGetAppContainerNamedObjectPath [0x77A866AD+189]

at org.openqa.selenium.remote.W3CHandshakeResponse.lambda$errorHandler$0(W3CHandshakeResponse.java:62)
at org.openqa.selenium.remote.HandshakeResponse.lambda$getResponseFunction$0(HandshakeResponse.java:30)
at org.openqa.selenium.remote.ProtocolHandshake.lambda$createSession$0(ProtocolHandshake.java:126)
at java.util.stream.ReferencePipeline$3$1.accept(Unknown Source)
at java.util.Spliterators$ArraySpliterator.tryAdvance(Unknown Source)
at java.util.stream.ReferencePipeline.forEachWithCancel(Unknown Source)
at java.util.stream.AbstractPipeline.copyIntoWithCancel(Unknown Source)
at java.util.stream.AbstractPipeline.copyInto(Unknown Source)
at java.util.stream.AbstractPipeline.wrapAndCopyInto(Unknown Source)
at java.util.stream.FindOps$FindOp.evaluateSequential(Unknown Source)
at java.util.stream.AbstractPipeline.evaluate(Unknown Source)
at java.util.stream.ReferencePipeline.findFirst(Unknown Source)
at org.openqa.selenium.remote.ProtocolHandshake.createSession(ProtocolHandshake.java:128)
at org.openqa.selenium.remote.ProtocolHandshake.createSession(ProtocolHandshake.java:74)
at org.openqa.selenium.remote.HttpCommandExecutor.execute(HttpCommandExecutor.java:136)
at org.openqa.selenium.remote.service.DriverCommandExecutor.execute(DriverCommandExecutor.java:83)
at org.openqa.selenium.remote.RemoteWebDriver.execute(RemoteWebDriver.java:552)
at org.openqa.selenium.remote.RemoteWebDriver.startSession(RemoteWebDriver.java:213)
at org.openqa.selenium.remote.RemoteWebDriver.<init>(RemoteWebDriver.java:131)
at org.openqa.selenium.chrome.ChromeDriver.<init>(ChromeDriver.java:181)
at org.openqa.selenium.chrome.ChromeDriver.<init>(ChromeDriver.java:168)
at org.openqa.selenium.chrome.ChromeDriver.<init>(ChromeDriver.java:123)
at account.gmail.com.Browser.beforeClass(Browser.java:27)
at java.util.ArrayList.forEach(Unknown Source)
... Removed 29 stack frames]]>
    </failure>
  </testcase> <!-- @BeforeClass beforeClass -->
  <testcase name="@AfterClass afterClass" time="-1.613770718555E9" classname="account.gmail.com.Browser">
    <skipped/>
  </testcase> <!-- @AfterClass afterClass -->
  <testcase name="homePageTest" time="0.0" classname="run.Execute">
    <skipped/>
  </testcase> <!-- homePageTest -->
  <testcase name="verifyHomepagetitle" time="0.0" classname="account.gmail.com.Browser">
    <skipped/>
  </testcase> <!-- verifyHomepagetitle -->
  <testcase name="gmailinfo" time="0.0" classname="run.Execute">
    <skipped/>
  </testcase> <!-- gmailinfo -->
</testsuite> <!-- Chrome_Test -->
